This is pdfTeX, Version 3.141592653-2.6-1.40.25 (MiKTeX 23.10) (preloaded format=pdflatex 2023.11.16)  16 NOV 2023 22:27
entering extended mode
 restricted \write18 enabled.
 %&-line parsing enabled.
**./memoria.tex
(memoria.tex
LaTeX2e <2023-06-01> patch level 1
L3 programming layer <2023-08-29>
(C:\Users\USER\AppData\Local\Programs\MiKTeX\tex/latex/base\report.cls
Document Class: report 2023/05/17 v1.4n Standard LaTeX document class
(C:\Users\USER\AppData\Local\Programs\MiKTeX\tex/latex/base\size12.clo
File: size12.clo 2023/05/17 v1.4n Standard LaTeX file (size option)
)
\c@part=\count185
\c@chapter=\count186
\c@section=\count187
\c@subsection=\count188
\c@subsubsection=\count189
\c@paragraph=\count190
\c@subparagraph=\count191
\c@figure=\count192
\c@table=\count193
\abovecaptionskip=\skip48
\belowcaptionskip=\skip49
\bibindent=\dimen140
)
(core/preambulo.tex
(C:\Users\USER\AppData\Local\Programs\MiKTeX\tex/latex/amsfonts\amsfonts.sty
Package: amsfonts 2013/01/14 v3.01 Basic AMSFonts support
\@emptytoks=\toks17
\symAMSa=\mathgroup4
\symAMSb=\mathgroup5
LaTeX Font Info:    Redeclaring math symbol \hbar on input line 98.
LaTeX Font Info:    Overwriting math alphabet `\mathfrak' in version `bold'
(Font)                  U/euf/m/n --> U/euf/b/n on input line 106.
)
(C:\Users\USER\AppData\Local\Programs\MiKTeX\tex/latex/amsfonts\amssymb.sty
Package: amssymb 2013/01/14 v3.01 AMS font symbols
)
(C:\Users\USER\AppData\Local\Programs\MiKTeX\tex/latex/amsmath\amsmath.sty
Package: amsmath 2023/05/13 v2.17o AMS math features
\@mathmargin=\skip50

For additional information on amsmath, use the `?' option.
(C:\Users\USER\AppData\Local\Programs\MiKTeX\tex/latex/amsmath\amstext.sty
Package: amstext 2021/08/26 v2.01 AMS text

(C:\Users\USER\AppData\Local\Programs\MiKTeX\tex/latex/amsmath\amsgen.sty
File: amsgen.sty 1999/11/30 v2.0 generic functions
\@emptytoks=\toks18
\ex@=\dimen141
))
(C:\Users\USER\AppData\Local\Programs\MiKTeX\tex/latex/amsmath\amsbsy.sty
Package: amsbsy 1999/11/29 v1.2d Bold Symbols
\pmbraise@=\dimen142
)
(C:\Users\USER\AppData\Local\Programs\MiKTeX\tex/latex/amsmath\amsopn.sty
Package: amsopn 2022/04/08 v2.04 operator names
)
\inf@bad=\count194
LaTeX Info: Redefining \frac on input line 234.
\uproot@=\count195
\leftroot@=\count196
LaTeX Info: Redefining \overline on input line 399.
LaTeX Info: Redefining \colon on input line 410.
\classnum@=\count197
\DOTSCASE@=\count198
LaTeX Info: Redefining \ldots on input line 496.
LaTeX Info: Redefining \dots on input line 499.
LaTeX Info: Redefining \cdots on input line 620.
\Mathstrutbox@=\box51
\strutbox@=\box52
LaTeX Info: Redefining \big on input line 722.
LaTeX Info: Redefining \Big on input line 723.
LaTeX Info: Redefining \bigg on input line 724.
LaTeX Info: Redefining \Bigg on input line 725.
\big@size=\dimen143
LaTeX Font Info:    Redeclaring font encoding OML on input line 743.
LaTeX Font Info:    Redeclaring font encoding OMS on input line 744.
\macc@depth=\count199
LaTeX Info: Redefining \bmod on input line 905.
LaTeX Info: Redefining \pmod on input line 910.
LaTeX Info: Redefining \smash on input line 940.
LaTeX Info: Redefining \relbar on input line 970.
LaTeX Info: Redefining \Relbar on input line 971.
\c@MaxMatrixCols=\count266
\dotsspace@=\muskip16
\c@parentequation=\count267
\dspbrk@lvl=\count268
\tag@help=\toks19
\row@=\count269
\column@=\count270
\maxfields@=\count271
\andhelp@=\toks20
\eqnshift@=\dimen144
\alignsep@=\dimen145
\tagshift@=\dimen146
\tagwidth@=\dimen147
\totwidth@=\dimen148
\lineht@=\dimen149
\@envbody=\toks21
\multlinegap=\skip51
\multlinetaggap=\skip52
\mathdisplay@stack=\toks22
LaTeX Info: Redefining \[ on input line 2953.
LaTeX Info: Redefining \] on input line 2954.
)
(C:\Users\USER\AppData\Local\Programs\MiKTeX\tex/latex/amscls\amsthm.sty
Package: amsthm 2020/05/29 v2.20.6
\thm@style=\toks23
\thm@bodyfont=\toks24
\thm@headfont=\toks25
\thm@notefont=\toks26
\thm@headpunct=\toks27
\thm@preskip=\skip53
\thm@postskip=\skip54
\thm@headsep=\skip55
\dth@everypar=\toks28
)
(C:\Users\USER\AppData\Local\Programs\MiKTeX\tex/latex/base\latexsym.sty
Package: latexsym 1998/08/17 v2.2e Standard LaTeX package (lasy symbols)
\symlasy=\mathgroup6
LaTeX Font Info:    Overwriting symbol font `lasy' in version `bold'
(Font)                  U/lasy/m/n --> U/lasy/b/n on input line 52.
)
(C:\Users\USER\AppData\Local\Programs\MiKTeX\tex/latex/setspace\setspace.sty
Package: setspace 2022/12/04 v6.7b set line spacing
)
(C:\Users\USER\AppData\Local\Programs\MiKTeX\tex/latex/biblatex\biblatex.sty
Package: biblatex 2023/03/05 v3.19 programmable bibliographies (PK/MW)

(C:\Users\USER\AppData\Local\Programs\MiKTeX\tex/generic/pdftexcmds\pdftexcmds.
sty
Package: pdftexcmds 2020-06-27 v0.33 Utility functions of pdfTeX for LuaTeX (HO
)

(C:\Users\USER\AppData\Local\Programs\MiKTeX\tex/generic/infwarerr\infwarerr.st
y
Package: infwarerr 2019/12/03 v1.5 Providing info/warning/error messages (HO)
) (C:\Users\USER\AppData\Local\Programs\MiKTeX\tex/generic/iftex\iftex.sty
Package: iftex 2022/02/03 v1.0f TeX engine tests
)
(C:\Users\USER\AppData\Local\Programs\MiKTeX\tex/generic/ltxcmds\ltxcmds.sty
Package: ltxcmds 2020-05-10 v1.25 LaTeX kernel commands for general use (HO)
)
Package pdftexcmds Info: \pdf@primitive is available.
Package pdftexcmds Info: \pdf@ifprimitive is available.
Package pdftexcmds Info: \pdfdraftmode found.
)
(C:\Users\USER\AppData\Local\Programs\MiKTeX\tex/latex/etoolbox\etoolbox.sty
Package: etoolbox 2020/10/05 v2.5k e-TeX tools for LaTeX (JAW)
\etb@tempcnta=\count272
)
(C:\Users\USER\AppData\Local\Programs\MiKTeX\tex/latex/graphics\keyval.sty
Package: keyval 2022/05/29 v1.15 key=value parser (DPC)
\KV@toks@=\toks29
)
(C:\Users\USER\AppData\Local\Programs\MiKTeX\tex/latex/kvoptions\kvoptions.sty
Package: kvoptions 2022-06-15 v3.15 Key value format for package options (HO)

(C:\Users\USER\AppData\Local\Programs\MiKTeX\tex/latex/kvsetkeys\kvsetkeys.sty
Package: kvsetkeys 2022-10-05 v1.19 Key value parser (HO)
)) (C:\Users\USER\AppData\Local\Programs\MiKTeX\tex/latex/logreq\logreq.sty
Package: logreq 2010/08/04 v1.0 xml request logger
\lrq@indent=\count273

(C:\Users\USER\AppData\Local\Programs\MiKTeX\tex/latex/logreq\logreq.def
File: logreq.def 2010/08/04 v1.0 logreq spec v1.0
))
(C:\Users\USER\AppData\Local\Programs\MiKTeX\tex/latex/base\ifthen.sty
Package: ifthen 2022/04/13 v1.1d Standard LaTeX ifthen package (DPC)
)
(C:\Users\USER\AppData\Local\Programs\MiKTeX\tex/latex/url\url.sty
\Urlmuskip=\muskip17
Package: url 2013/09/16  ver 3.4  Verb mode for urls, etc.
)
\c@tabx@nest=\count274
\c@listtotal=\count275
\c@listcount=\count276
\c@liststart=\count277
\c@liststop=\count278
\c@citecount=\count279
\c@citetotal=\count280
\c@multicitecount=\count281
\c@multicitetotal=\count282
\c@instcount=\count283
\c@maxnames=\count284
\c@minnames=\count285
\c@maxitems=\count286
\c@minitems=\count287
\c@citecounter=\count288
\c@maxcitecounter=\count289
\c@savedcitecounter=\count290
\c@uniquelist=\count291
\c@uniquename=\count292
\c@refsection=\count293
\c@refsegment=\count294
\c@maxextratitle=\count295
\c@maxextratitleyear=\count296
\c@maxextraname=\count297
\c@maxextradate=\count298
\c@maxextraalpha=\count299
\c@abbrvpenalty=\count300
\c@highnamepenalty=\count301
\c@lownamepenalty=\count302
\c@maxparens=\count303
\c@parenlevel=\count304
\blx@tempcnta=\count305
\blx@tempcntb=\count306
\blx@tempcntc=\count307
\c@blx@maxsection=\count308
\blx@maxsegment@0=\count309
\blx@notetype=\count310
\blx@parenlevel@text=\count311
\blx@parenlevel@foot=\count312
\blx@sectionciteorder@0=\count313
\blx@sectionciteorderinternal@0=\count314
\blx@entrysetcounter=\count315
\blx@biblioinstance=\count316
\labelnumberwidth=\skip56
\labelalphawidth=\skip57
\biblabelsep=\skip58
\bibitemsep=\skip59
\bibnamesep=\skip60
\bibinitsep=\skip61
\bibparsep=\skip62
\bibhang=\skip63
\blx@bcfin=\read2
\blx@bcfout=\write3
\blx@langwohyphens=\language79
\c@mincomprange=\count317
\c@maxcomprange=\count318
\c@mincompwidth=\count319
Package biblatex Info: Trying to load biblatex default data model...
Package biblatex Info: ... file 'blx-dm.def' found.

(C:\Users\USER\AppData\Local\Programs\MiKTeX\tex/latex/biblatex\blx-dm.def
File: blx-dm.def 2023/03/05 v3.19 biblatex localization (PK/MW)
)
Package biblatex Info: Trying to load biblatex style data model...
Package biblatex Info: ... file 'apa.dbx' found.

(C:\Users\USER\AppData\Local\Programs\MiKTeX\tex/latex/biblatex-apa\apa.dbx
File: apa.dbx 2023/03/20 v9.17 APA biblatex style data model
)
Package biblatex Info: Trying to load biblatex custom data model...
Package biblatex Info: ... file 'biblatex-dm.cfg' not found.
\c@afterword=\count320
\c@savedafterword=\count321
\c@annotator=\count322
\c@savedannotator=\count323
\c@author=\count324
\c@savedauthor=\count325
\c@bookauthor=\count326
\c@savedbookauthor=\count327
\c@commentator=\count328
\c@savedcommentator=\count329
\c@editor=\count330
\c@savededitor=\count331
\c@editora=\count332
\c@savededitora=\count333
\c@editorb=\count334
\c@savededitorb=\count335
\c@editorc=\count336
\c@savededitorc=\count337
\c@foreword=\count338
\c@savedforeword=\count339
\c@holder=\count340
\c@savedholder=\count341
\c@introduction=\count342
\c@savedintroduction=\count343
\c@namea=\count344
\c@savednamea=\count345
\c@nameb=\count346
\c@savednameb=\count347
\c@namec=\count348
\c@savednamec=\count349
\c@translator=\count350
\c@savedtranslator=\count351
\c@shortauthor=\count352
\c@savedshortauthor=\count353
\c@shorteditor=\count354
\c@savedshorteditor=\count355
\c@narrator=\count356
\c@savednarrator=\count357
\c@execproducer=\count358
\c@savedexecproducer=\count359
\c@execdirector=\count360
\c@savedexecdirector=\count361
\c@with=\count362
\c@savedwith=\count363
\c@labelname=\count364
\c@savedlabelname=\count365
\c@institution=\count366
\c@savedinstitution=\count367
\c@lista=\count368
\c@savedlista=\count369
\c@listb=\count370
\c@savedlistb=\count371
\c@listc=\count372
\c@savedlistc=\count373
\c@listd=\count374
\c@savedlistd=\count375
\c@liste=\count376
\c@savedliste=\count377
\c@listf=\count378
\c@savedlistf=\count379
\c@location=\count380
\c@savedlocation=\count381
\c@organization=\count382
\c@savedorganization=\count383
\c@origlocation=\count384
\c@savedoriglocation=\count385
\c@origpublisher=\count386
\c@savedorigpublisher=\count387
\c@publisher=\count388
\c@savedpublisher=\count389
\c@language=\count390
\c@savedlanguage=\count391
\c@origlanguage=\count392
\c@savedoriglanguage=\count393
\c@citation=\count394
\c@savedcitation=\count395
\c@pageref=\count396
\c@savedpageref=\count397
\shorthandwidth=\skip64
\shortjournalwidth=\skip65
\shortserieswidth=\skip66
\shorttitlewidth=\skip67
\shortauthorwidth=\skip68
\shorteditorwidth=\skip69
\locallabelnumberwidth=\skip70
\locallabelalphawidth=\skip71
\localshorthandwidth=\skip72
\localshortjournalwidth=\skip73
\localshortserieswidth=\skip74
\localshorttitlewidth=\skip75
\localshortauthorwidth=\skip76
\localshorteditorwidth=\skip77
Package biblatex Info: Trying to load compatibility code...
Package biblatex Info: ... file 'blx-compat.def' found.

(C:\Users\USER\AppData\Local\Programs\MiKTeX\tex/latex/biblatex\blx-compat.def
File: blx-compat.def 2023/03/05 v3.19 biblatex compatibility (PK/MW)
)
Package biblatex Info: Trying to load BibTeX backend compatibility...
Package biblatex Info: ... file 'blx-bibtex.def' found.
(C:\Users\USER\AppData\Local\Programs\MiKTeX\tex/latex/biblatex\blx-bibtex.def
File: blx-bibtex.def 2023/03/05 v3.19 biblatex compatibility (PK/MW)


Package biblatex Warning: Using fall-back bibtex backend:
(biblatex)                functionality may be reduced/unavailable.

)
Package biblatex Info: Trying to load generic definitions...
Package biblatex Info: ... file 'biblatex.def' found.
 (C:\Users\USER\AppData\Local\Programs\MiKTeX\tex/latex/biblatex\biblatex.def
File: biblatex.def 2023/03/05 v3.19 biblatex compatibility (PK/MW)
\c@textcitecount=\count398
\c@textcitetotal=\count399
\c@textcitemaxnames=\count400
\c@biburlbigbreakpenalty=\count401
\c@biburlbreakpenalty=\count402
\c@biburlnumpenalty=\count403
\c@biburlucpenalty=\count404
\c@biburllcpenalty=\count405
\biburlbigskip=\muskip18
\biburlnumskip=\muskip19
\biburlucskip=\muskip20
\biburllcskip=\muskip21
\c@smartand=\count406
)
Package biblatex Info: Trying to load bibliography style 'apa'...
Package biblatex Info: ... file 'apa.bbx' found.
(C:\Users\USER\AppData\Local\Programs\MiKTeX\tex/latex/biblatex-apa\apa.bbx
File: apa.bbx 2023/03/20 v9.17 APA biblatex references style


! Package biblatex Error: Biber backend is required by style.

See the biblatex package documentation for explanation.
Type  H <return>  for immediate help.
 ...                                              
                                                  
l.16 \RequireBiber[3]
                     
The selected style or one of the .bib files requires Biber.
It will not work at all with BibTeX..

Package biblatex Info: Trying to load bibliography style 'standard'...
Package biblatex Info: ... file 'standard.bbx' found.

(C:\Users\USER\AppData\Local\Programs\MiKTeX\tex/latex/biblatex/bbx\standard.bb
x
File: standard.bbx 2023/03/05 v3.19 biblatex bibliography style (PK/MW)
\c@bbx:relatedcount=\count407
\c@bbx:relatedtotal=\count408
)
Package biblatex Info: Delimiter 'nameyeardelim' in context 'bib' already defin
ed, overwriting.
Package biblatex Info: Delimiter 'nameyeardelim' in context 'biblist' already d
efined, overwriting.
Package biblatex Info: Delimiter 'nonameyeardelim' in context 'bib' already def
ined, overwriting.
Package biblatex Info: Delimiter 'nonameyeardelim' in context 'biblist' already
 defined, overwriting.
)
Package biblatex Info: Trying to load citation style 'apa'...
Package biblatex Info: ... file 'apa.cbx' found.
 (C:\Users\USER\AppData\Local\Programs\MiKTeX\tex/latex/biblatex-apa\apa.cbx
File: apa.cbx 2023/03/20 v9.17 APA biblatex citation style

! Package biblatex Error: Biber backend is required by style.

See the biblatex package documentation for explanation.
Type  H <return>  for immediate help.
 ...                                              
                                                  
l.16 \RequireBiber[3]
                     
The selected style or one of the .bib files requires Biber.
It will not work at all with BibTeX..

Package biblatex Info: Delimiter 'nameyeardelim' in context '' already defined,
 overwriting.
Package biblatex Info: Delimiter 'andothersdelim' in context '' already defined
, overwriting.
Package biblatex Info: Redefining '\fullcite'.
Package biblatex Info: Redefining '\citeauthor'.
Package biblatex Info: Redefining '\citeyear'.
Package biblatex Info: Redefining '\cite'.
Package biblatex Info: Redefining '\cites'.
Package biblatex Info: Redefining '\parencite'.
Package biblatex Info: Redefining '\parencites'.
Package biblatex Info: Redefining '\footcite'.
Package biblatex Info: Redefining '\footcites'.
Package biblatex Info: Redefining '\footcitetext'.
Package biblatex Info: Redefining '\footcitetexts'.
Package biblatex Info: Redefining '\smartcite'.
Package biblatex Info: Redefining '\smartcites'.
Package biblatex Info: Redefining '\textcite'.
Package biblatex Info: Redefining '\textcites'.
)
Package biblatex Info: Trying to load configuration file...
Package biblatex Info: ... file 'biblatex.cfg' found.
 (C:\Users\USER\AppData\Local\Programs\MiKTeX\tex/latex/biblatex\biblatex.cfg
File: biblatex.cfg 
)
Package biblatex Info: Input encoding 'utf8' detected.
Package biblatex Info: Document encoding is UTF8 ....
(C:\Users\USER\AppData\Local\Programs\MiKTeX\tex/latex/l3kernel\expl3.sty
Package: expl3 2023-08-29 L3 programming layer (loader) 

(C:\Users\USER\AppData\Local\Programs\MiKTeX\tex/latex/l3backend\l3backend-pdft
ex.def
File: l3backend-pdftex.def 2023-04-19 L3 backend support: PDF output (pdfTeX)
\l__color_backend_stack_int=\count409
\l__pdf_internal_box=\box53
))
Package biblatex Info: ... and expl3
(biblatex)             2023-08-29 L3 programming layer (loader) 
(biblatex)             is new enough (at least 2020/04/06),
(biblatex)             setting 'casechanger=expl3'.

(C:\Users\USER\AppData\Local\Programs\MiKTeX\tex/latex/biblatex\blx-case-expl3.
sty
(C:\Users\USER\AppData\Local\Programs\MiKTeX\tex/latex/l3packages/xparse\xparse
.sty
Package: xparse 2023-08-29 L3 Experimental document command parser
)
Package: blx-case-expl3 2023/03/05 v3.19 expl3 case changing code for biblatex
))
(C:\Users\USER\AppData\Local\Programs\MiKTeX\tex/latex/base\inputenc.sty
Package: inputenc 2021/02/14 v1.3d Input encoding file
\inpenc@prehook=\toks30
\inpenc@posthook=\toks31
)
(C:\Users\USER\AppData\Local\Programs\MiKTeX\tex/latex/datetime\datetime.sty
Package: datetime 2015/03/20 v2.60 Date Time Package

(C:\Users\USER\AppData\Local\Programs\MiKTeX\tex/latex/fmtcount\fmtcount.sty
Package: fmtcount 2020/01/30 v3.07

(C:\Users\USER\AppData\Local\Programs\MiKTeX\tex/latex/xkeyval\xkeyval.sty
Package: xkeyval 2022/06/16 v2.9 package option processing (HA)

(C:\Users\USER\AppData\Local\Programs\MiKTeX\tex/generic/xkeyval\xkeyval.tex
(C:\Users\USER\AppData\Local\Programs\MiKTeX\tex/generic/xkeyval\xkvutils.tex
\XKV@toks=\toks32
\XKV@tempa@toks=\toks33
)
\XKV@depth=\count410
File: xkeyval.tex 2014/12/03 v2.7a key=value parser (HA)
)) (C:\Users\USER\AppData\Local\Programs\MiKTeX\tex/latex/fmtcount\fcprefix.sty
Package: fcprefix 2012/09/28

(C:\Users\USER\AppData\Local\Programs\MiKTeX\tex/latex/fmtcount\fcnumparser.sty
Package: fcnumparser 2017/06/15
\fc@digit@counter=\count411
))
\c@padzeroesN=\count412
\fc@tmpcatcode=\count413
\@DT@modctr=\count414
\@ordinalctr=\count415
\@orgargctr=\count416
\@strctr=\count417
\@tmpstrctr=\count418
\@DT@loopN=\count419
\@DT@X=\count420
)
(C:\Users\USER\AppData\Local\Programs\MiKTeX\tex/latex/datetime\datetime-defaul
ts.sty
Package: datetime-defaults 2013/09/10
)
\@day=\count421
\@month=\count422
\@year=\count423
\c@HOUR=\count424
\c@HOURXII=\count425
\c@MINUTE=\count426
\c@TOHOUR=\count427
\c@TOMINUTE=\count428
\c@SECOND=\count429
\currenthour=\count430
\currentminute=\count431
\currentsecond=\count432
Package datetime Info: No datetime.cfg file found, using default settings on in
put line 308.
\@dtctr=\count433
\dayofyear=\count434
\dayofweek=\count435
LaTeX Info: Redefining \today on input line 736.
\dt@a=\toks34
\dt@b=\toks35
)
(C:\Users\USER\AppData\Local\Programs\MiKTeX\tex/latex/hyperref\hyperref.sty
Package: hyperref 2023-07-08 v7.01b Hypertext links for LaTeX

(C:\Users\USER\AppData\Local\Programs\MiKTeX\tex/generic/kvdefinekeys\kvdefinek
eys.sty
Package: kvdefinekeys 2019-12-19 v1.6 Define keys (HO)
)
(C:\Users\USER\AppData\Local\Programs\MiKTeX\tex/generic/pdfescape\pdfescape.st
y
Package: pdfescape 2019/12/09 v1.15 Implements pdfTeX's escape features (HO)
) (C:\Users\USER\AppData\Local\Programs\MiKTeX\tex/latex/hycolor\hycolor.sty
Package: hycolor 2020-01-27 v1.10 Color options for hyperref/bookmark (HO)
)
(C:\Users\USER\AppData\Local\Programs\MiKTeX\tex/latex/letltxmacro\letltxmacro.
sty
Package: letltxmacro 2019/12/03 v1.6 Let assignment for LaTeX macros (HO)
) (C:\Users\USER\AppData\Local\Programs\MiKTeX\tex/latex/auxhook\auxhook.sty
Package: auxhook 2019-12-17 v1.6 Hooks for auxiliary files (HO)
) (C:\Users\USER\AppData\Local\Programs\MiKTeX\tex/latex/hyperref\nameref.sty
Package: nameref 2023-08-07 v2.53 Cross-referencing by name of section

(C:\Users\USER\AppData\Local\Programs\MiKTeX\tex/latex/refcount\refcount.sty
Package: refcount 2019/12/15 v3.6 Data extraction from label references (HO)
)
(C:\Users\USER\AppData\Local\Programs\MiKTeX\tex/generic/gettitlestring\gettitl
estring.sty
Package: gettitlestring 2019/12/15 v1.6 Cleanup title references (HO)
)
\c@section@level=\count436
)
\@linkdim=\dimen150
\Hy@linkcounter=\count437
\Hy@pagecounter=\count438

(C:\Users\USER\AppData\Local\Programs\MiKTeX\tex/latex/hyperref\pd1enc.def
File: pd1enc.def 2023-07-08 v7.01b Hyperref: PDFDocEncoding definition (HO)
Now handling font encoding PD1 ...
... no UTF-8 mapping file for font encoding PD1
)
(C:\Users\USER\AppData\Local\Programs\MiKTeX\tex/generic/intcalc\intcalc.sty
Package: intcalc 2019/12/15 v1.3 Expandable calculations with integers (HO)
)
\Hy@SavedSpaceFactor=\count439

(C:\Users\USER\AppData\Local\Programs\MiKTeX\tex/latex/hyperref\puenc.def
File: puenc.def 2023-07-08 v7.01b Hyperref: PDF Unicode definition (HO)
Now handling font encoding PU ...
... no UTF-8 mapping file for font encoding PU
)
Package hyperref Info: Option `colorlinks' set `false' on input line 4050.


Package hyperref Warning: Values of option `pdfpagemode':
(hyperref)                * `UseNone'
(hyperref)                * `UseOutlines'
(hyperref)                * `UseThumbs'
(hyperref)                * `FullScreen'
(hyperref)                * `UseOC' (PDF 1.5)
(hyperref)                * `UseAttachments' (PDF 1.6)
(hyperref)                * An empty value disables the option.
(hyperref)                Unknown value `None' on input line 4050.

Package hyperref Info: Option `bookmarksopen' set `true' on input line 4050.
Package hyperref Info: Option `plainpages' set `false' on input line 4050.
Package hyperref Info: Hyper figures OFF on input line 4167.
Package hyperref Info: Link nesting OFF on input line 4172.
Package hyperref Info: Hyper index ON on input line 4175.
Package hyperref Info: Plain pages OFF on input line 4182.
Package hyperref Info: Backreferencing OFF on input line 4187.
Package hyperref Info: Implicit mode ON; LaTeX internals redefined.
Package hyperref Info: Bookmarks ON on input line 4434.
\c@Hy@tempcnt=\count440
LaTeX Info: Redefining \url on input line 4772.
\XeTeXLinkMargin=\dimen151
(C:\Users\USER\AppData\Local\Programs\MiKTeX\tex/generic/bitset\bitset.sty
Package: bitset 2019/12/09 v1.3 Handle bit-vector datatype (HO)

(C:\Users\USER\AppData\Local\Programs\MiKTeX\tex/generic/bigintcalc\bigintcalc.
sty
Package: bigintcalc 2019/12/15 v1.5 Expandable calculations on big integers (HO
)
))
\Fld@menulength=\count441
\Field@Width=\dimen152
\Fld@charsize=\dimen153
Package hyperref Info: Hyper figures OFF on input line 6051.
Package hyperref Info: Link nesting OFF on input line 6056.
Package hyperref Info: Hyper index ON on input line 6059.
Package hyperref Info: backreferencing OFF on input line 6066.
Package hyperref Info: Link coloring OFF on input line 6071.
Package hyperref Info: Link coloring with OCG OFF on input line 6076.
Package hyperref Info: PDF/A mode OFF on input line 6081.

(C:\Users\USER\AppData\Local\Programs\MiKTeX\tex/latex/base\atbegshi-ltx.sty
Package: atbegshi-ltx 2021/01/10 v1.0c Emulation of the original atbegshi
package with kernel methods
)
\Hy@abspage=\count442
\c@Item=\count443
\c@Hfootnote=\count444
)
Package hyperref Info: Driver: hpdftex.

(C:\Users\USER\AppData\Local\Programs\MiKTeX\tex/latex/hyperref\hpdftex.def
File: hpdftex.def 2023-07-08 v7.01b Hyperref driver for pdfTeX

(C:\Users\USER\AppData\Local\Programs\MiKTeX\tex/latex/base\atveryend-ltx.sty
Package: atveryend-ltx 2020/08/19 v1.0a Emulation of the original atveryend pac
kage
with kernel methods
)
\Fld@listcount=\count445
\c@bookmark@seq@number=\count446

(C:\Users\USER\AppData\Local\Programs\MiKTeX\tex/latex/rerunfilecheck\rerunfile
check.sty
Package: rerunfilecheck 2022-07-10 v1.10 Rerun checks for auxiliary files (HO)

(C:\Users\USER\AppData\Local\Programs\MiKTeX\tex/generic/uniquecounter\uniqueco
unter.sty
Package: uniquecounter 2019/12/15 v1.4 Provide unlimited unique counter (HO)
)
Package uniquecounter Info: New unique counter `rerunfilecheck' on input line 2
85.
)
\Hy@SectionHShift=\skip78
)
(C:\Users\USER\AppData\Local\Programs\MiKTeX\tex/latex/graphics\graphicx.sty
Package: graphicx 2021/09/16 v1.2d Enhanced LaTeX Graphics (DPC,SPQR)

(C:\Users\USER\AppData\Local\Programs\MiKTeX\tex/latex/graphics\graphics.sty
Package: graphics 2022/03/10 v1.4e Standard LaTeX Graphics (DPC,SPQR)

(C:\Users\USER\AppData\Local\Programs\MiKTeX\tex/latex/graphics\trig.sty
Package: trig 2021/08/11 v1.11 sin cos tan (DPC)
)
(C:\Users\USER\AppData\Local\Programs\MiKTeX\tex/latex/graphics-cfg\graphics.cf
g
File: graphics.cfg 2016/06/04 v1.11 sample graphics configuration
)
Package graphics Info: Driver file: pdftex.def on input line 107.

(C:\Users\USER\AppData\Local\Programs\MiKTeX\tex/latex/graphics-def\pdftex.def
File: pdftex.def 2022/09/22 v1.2b Graphics/color driver for pdftex
))
\Gin@req@height=\dimen154
\Gin@req@width=\dimen155
) (C:\Users\USER\AppData\Local\Programs\MiKTeX\tex/latex/graphics\color.sty
Package: color 2022/01/06 v1.3d Standard LaTeX Color (DPC)

(C:\Users\USER\AppData\Local\Programs\MiKTeX\tex/latex/graphics-cfg\color.cfg
File: color.cfg 2016/01/02 v1.6 sample color configuration
)
Package color Info: Driver file: pdftex.def on input line 149.

(C:\Users\USER\AppData\Local\Programs\MiKTeX\tex/latex/graphics\mathcolor.ltx))
\c@algorithm=\count447
\c@dummy=\count448
)

Package biblatex Warning: Load 'inputenc' before biblatex.

\@quotelevel=\count449
\@quotereset=\count450
(memoria.aux)
\openout1 = `memoria.aux'.

LaTeX Font Info:    Checking defaults for OML/cmm/m/it on input line 102.
LaTeX Font Info:    ... okay on input line 102.
LaTeX Font Info:    Checking defaults for OMS/cmsy/m/n on input line 102.
LaTeX Font Info:    ... okay on input line 102.
LaTeX Font Info:    Checking defaults for OT1/cmr/m/n on input line 102.
LaTeX Font Info:    ... okay on input line 102.
LaTeX Font Info:    Checking defaults for T1/cmr/m/n on input line 102.
LaTeX Font Info:    ... okay on input line 102.
LaTeX Font Info:    Checking defaults for TS1/cmr/m/n on input line 102.
LaTeX Font Info:    ... okay on input line 102.
LaTeX Font Info:    Checking defaults for OMX/cmex/m/n on input line 102.
LaTeX Font Info:    ... okay on input line 102.
LaTeX Font Info:    Checking defaults for U/cmr/m/n on input line 102.
LaTeX Font Info:    ... okay on input line 102.
LaTeX Font Info:    Checking defaults for PD1/pdf/m/n on input line 102.
LaTeX Font Info:    ... okay on input line 102.
LaTeX Font Info:    Checking defaults for PU/pdf/m/n on input line 102.
LaTeX Font Info:    ... okay on input line 102.
Package biblatex Info: Trying to load language 'english' -> 'english-apa'...
Package biblatex Info: ... file 'english-apa.lbx' found.

(C:\Users\USER\AppData\Local\Programs\MiKTeX\tex/latex/biblatex-apa\english-apa
.lbx
File: english-apa.lbx 2023/03/20 v9.17 APA biblatex localisation
Package biblatex Info: Trying to load language 'english'...
Package biblatex Info: ... file 'english.lbx' found.

(C:\Users\USER\AppData\Local\Programs\MiKTeX\tex/latex/biblatex/lbx\english.lbx
File: english.lbx 2023/03/05 v3.19 biblatex localization (PK/MW)
)
Package biblatex Info: Trying to load language 'american' -> 'american-apa'...
Package biblatex Info: ... file 'american-apa.lbx' found.

(C:\Users\USER\AppData\Local\Programs\MiKTeX\tex/latex/biblatex-apa\american-ap
a.lbx
File: american-apa.lbx 2023/03/20 v9.17 APA biblatex localisation
Package biblatex Info: Trying to load language 'american'...
Package biblatex Info: ... file 'american.lbx' found.

(C:\Users\USER\AppData\Local\Programs\MiKTeX\tex/latex/biblatex/lbx\american.lb
x
File: american.lbx 2023/03/05 v3.19 biblatex localization (PK/MW)
Package biblatex Info: Trying to load language 'english'...
Package biblatex Info: ... file 'english.lbx' found.

(C:\Users\USER\AppData\Local\Programs\MiKTeX\tex/latex/biblatex/lbx\english.lbx
File: english.lbx 2023/03/05 v3.19 biblatex localization (PK/MW)
))))
Package biblatex Info: Input encoding 'utf8' detected.
Package biblatex Info: Automatic encoding selection.
(biblatex)             Assuming data encoding 'utf8'.
Package biblatex Info: Input encoding 'utf8' detected.
Package biblatex Info: Data encoding 'utf8' specified.
(biblatex)             No need to reencode data.


Package biblatex Warning: Sorting template 'apa'
(biblatex)                not available with BibTeX backend.
(biblatex)                Switch to Biber or select one of the default template
s.

\openout3 = `memoria-blx.bib'.

Package biblatex Info: Trying to load bibliographic data...
Package biblatex Info: ... file 'memoria.bbl' found.
(memoria.bbl)
Package biblatex Info: Reference section=0 on input line 102.
Package biblatex Info: Reference segment=0 on input line 102.

(C:\Users\USER\AppData\Local\Programs\MiKTeX\tex/latex/fmtcount\fc-english.def
File: fc-english.def 2016/01/12
)
Package hyperref Info: Link coloring OFF on input line 102.
(memoria.out) (memoria.out)
\@outlinefile=\write4
\openout4 = `memoria.out'.


(C:\Users\USER\AppData\Local\Programs\MiKTeX\tex/context/base/mkii\supp-pdf.mki
i
[Loading MPS to PDF converter (version 2006.09.02).]
\scratchcounter=\count451
\scratchdimen=\dimen156
\scratchbox=\box54
\nofMPsegments=\count452
\nofMParguments=\count453
\everyMPshowfont=\toks36
\MPscratchCnt=\count454
\MPscratchDim=\dimen157
\MPnumerator=\count455
\makeMPintoPDFobject=\count456
\everyMPtoPDFconversion=\toks37
)
(C:\Users\USER\AppData\Local\Programs\MiKTeX\tex/latex/epstopdf-pkg\epstopdf-ba
se.sty
Package: epstopdf-base 2020-01-24 v2.11 Base part for package epstopdf
 (C:\Users\USER\AppData\Local\Programs\MiKTeX\tex/latex/grfext\grfext.sty
Package: grfext 2019/12/03 v1.3 Manage graphics extensions (HO)
)
Package epstopdf-base Info: Redefining graphics rule for `.eps' on input line 4
85.
Package grfext Info: Graphics extension search list:
(grfext)             [.pdf,.png,.jpg,.mps,.jpeg,.jbig2,.jb2,.PDF,.PNG,.JPG,.JPE
G,.JBIG2,.JB2,.eps]
(grfext)             \AppendGraphicsExtensions on input line 504.

(C:\Users\USER\AppData\Local\Programs\MiKTeX\tex/latex/00miktex\epstopdf-sys.cf
g
File: epstopdf-sys.cfg 2021/03/18 v2.0 Configuration of epstopdf for MiKTeX
)) (core/primeras_paginas.tex
<logos/Logo-UANDES.png, id=32, 369.38pt x 486.81876pt>
File: logos/Logo-UANDES.png Graphic file (type png)
<use logos/Logo-UANDES.png>
Package pdftex.def Info: logos/Logo-UANDES.png  used on input line 49.
(pdftex.def)             Requested size: 369.37909pt x 486.81757pt.
 [1

{C:/Users/USER/AppData/Local/MiKTeX/fonts/map/pdftex/pdftex.map} <./logos/Logo-
UANDES.png>]
LaTeX Font Info:    Trying to load font information for U+msa on input line 105
.

(C:\Users\USER\AppData\Local\Programs\MiKTeX\tex/latex/amsfonts\umsa.fd
File: umsa.fd 2013/01/14 v3.01 AMS symbols A
)
LaTeX Font Info:    Trying to load font information for U+msb on input line 105
.

(C:\Users\USER\AppData\Local\Programs\MiKTeX\tex/latex/amsfonts\umsb.fd
File: umsb.fd 2013/01/14 v3.01 AMS symbols B
)
LaTeX Font Info:    Trying to load font information for U+lasy on input line 10
5.

(C:\Users\USER\AppData\Local\Programs\MiKTeX\tex/latex/base\ulasy.fd
File: ulasy.fd 1998/08/17 v2.2e LaTeX symbol font definitions
) [2

]
[3

] [4

] [5

] [6

] (memoria.toc)
\tf@toc=\write5
\openout5 = `memoria.toc'.

 [7


] (memoria.lof)
\tf@lof=\write6
\openout6 = `memoria.lof'.

 [8


] (memoria.lot)
\tf@lot=\write7
\openout7 = `memoria.lot'.

 [9


])
(chapters/chapter01.tex
Chapter 1.

Package biblatex Warning: The refcontext option
(biblatex)                'sortingnamekeytemplatename'
(biblatex)                is not supported by the BibTeX backend.
(biblatex)                Consider switching to Biber instead.
(biblatex)                The option will be ignored on input line 10.


LaTeX Warning: Citation 'sharpe1964' on page 1 undefined on input line 10.


Package biblatex Warning: The refcontext option
(biblatex)                'sortingnamekeytemplatename'
(biblatex)                is not supported by the BibTeX backend.
(biblatex)                Consider switching to Biber instead.
(biblatex)                The option will be ignored on input line 10.


LaTeX Warning: Citation 'Lintner1965' on page 1 undefined on input line 10.


Package biblatex Warning: The refcontext option
(biblatex)                'sortingnamekeytemplatename'
(biblatex)                is not supported by the BibTeX backend.
(biblatex)                Consider switching to Biber instead.
(biblatex)                The option will be ignored on input line 10.


LaTeX Warning: Citation 'mossin1966equilibrium' on page 1 undefined on input li
ne 10.


Package biblatex Warning: The refcontext option
(biblatex)                'sortingnamekeytemplatename'
(biblatex)                is not supported by the BibTeX backend.
(biblatex)                Consider switching to Biber instead.
(biblatex)                The option will be ignored on input line 10.


LaTeX Warning: Citation 'fama1993' on page 1 undefined on input line 10.


Package biblatex Warning: The refcontext option
(biblatex)                'sortingnamekeytemplatename'
(biblatex)                is not supported by the BibTeX backend.
(biblatex)                Consider switching to Biber instead.
(biblatex)                The option will be ignored on input line 10.


LaTeX Warning: Citation 'fama2015' on page 1 undefined on input line 10.


Package biblatex Warning: The refcontext option
(biblatex)                'sortingnamekeytemplatename'
(biblatex)                is not supported by the BibTeX backend.
(biblatex)                Consider switching to Biber instead.
(biblatex)                The option will be ignored on input line 10.


LaTeX Warning: Citation 'carhart1997' on page 1 undefined on input line 10.


Package biblatex Warning: The refcontext option
(biblatex)                'sortingnamekeytemplatename'
(biblatex)                is not supported by the BibTeX backend.
(biblatex)                Consider switching to Biber instead.
(biblatex)                The option will be ignored on input line 12.


LaTeX Warning: Citation 'gregoriou2019cryptocurrencies' on page 1 undefined on 
input line 12.


Package biblatex Warning: The refcontext option
(biblatex)                'sortingnamekeytemplatename'
(biblatex)                is not supported by the BibTeX backend.
(biblatex)                Consider switching to Biber instead.
(biblatex)                The option will be ignored on input line 12.


LaTeX Warning: Citation 'bariviera2017inefficiency' on page 1 undefined on inpu
t line 12.


Package biblatex Warning: The refcontext option
(biblatex)                'sortingnamekeytemplatename'
(biblatex)                is not supported by the BibTeX backend.
(biblatex)                Consider switching to Biber instead.
(biblatex)                The option will be ignored on input line 12.


LaTeX Warning: Citation 'gregoriou2019cryptocurrencies' on page 1 undefined on 
input line 12.

[1


]

Package biblatex Warning: The refcontext option
(biblatex)                'sortingnamekeytemplatename'
(biblatex)                is not supported by the BibTeX backend.
(biblatex)                Consider switching to Biber instead.
(biblatex)                The option will be ignored on input line 14.


LaTeX Warning: Citation 'liu2022common' on page 2 undefined on input line 14.


Package biblatex Warning: The refcontext option
(biblatex)                'sortingnamekeytemplatename'
(biblatex)                is not supported by the BibTeX backend.
(biblatex)                Consider switching to Biber instead.
(biblatex)                The option will be ignored on input line 14.


LaTeX Warning: Citation 'liu2022common' on page 2 undefined on input line 14.


Package biblatex Warning: The refcontext option
(biblatex)                'sortingnamekeytemplatename'
(biblatex)                is not supported by the BibTeX backend.
(biblatex)                Consider switching to Biber instead.
(biblatex)                The option will be ignored on input line 14.


LaTeX Warning: Citation 'liu2022common' on page 2 undefined on input line 14.


Package biblatex Warning: The refcontext option
(biblatex)                'sortingnamekeytemplatename'
(biblatex)                is not supported by the BibTeX backend.
(biblatex)                Consider switching to Biber instead.
(biblatex)                The option will be ignored on input line 16.


LaTeX Warning: Citation 'Statista2023' on page 2 undefined on input line 16.


Package biblatex Warning: The refcontext option
(biblatex)                'sortingnamekeytemplatename'
(biblatex)                is not supported by the BibTeX backend.
(biblatex)                Consider switching to Biber instead.
(biblatex)                The option will be ignored on input line 16.


LaTeX Warning: Citation 'CFI_nodate' on page 2 undefined on input line 16.


Package biblatex Warning: The refcontext option
(biblatex)                'sortingnamekeytemplatename'
(biblatex)                is not supported by the BibTeX backend.
(biblatex)                Consider switching to Biber instead.
(biblatex)                The option will be ignored on input line 16.


LaTeX Warning: Citation 'Investopedia2021' on page 2 undefined on input line 16
.

[2]

Package biblatex Warning: The refcontext option
(biblatex)                'sortingnamekeytemplatename'
(biblatex)                is not supported by the BibTeX backend.
(biblatex)                Consider switching to Biber instead.
(biblatex)                The option will be ignored on input line 18.


LaTeX Warning: Citation '10.1371/journal.pone.0264522' on page 3 undefined on i
nput line 18.


Package biblatex Warning: The refcontext option
(biblatex)                'sortingnamekeytemplatename'
(biblatex)                is not supported by the BibTeX backend.
(biblatex)                Consider switching to Biber instead.
(biblatex)                The option will be ignored on input line 20.


LaTeX Warning: Citation 'thoma2020prospect' on page 3 undefined on input line 2
0.


Package biblatex Warning: The refcontext option
(biblatex)                'sortingnamekeytemplatename'
(biblatex)                is not supported by the BibTeX backend.
(biblatex)                Consider switching to Biber instead.
(biblatex)                The option will be ignored on input line 20.


LaTeX Warning: Citation 'fama1993' on page 3 undefined on input line 20.


Package biblatex Warning: The refcontext option
(biblatex)                'sortingnamekeytemplatename'
(biblatex)                is not supported by the BibTeX backend.
(biblatex)                Consider switching to Biber instead.
(biblatex)                The option will be ignored on input line 20.


LaTeX Warning: Citation 'thoma2020prospect' on page 3 undefined on input line 2
0.


Package biblatex Warning: The refcontext option
(biblatex)                'sortingnamekeytemplatename'
(biblatex)                is not supported by the BibTeX backend.
(biblatex)                Consider switching to Biber instead.
(biblatex)                The option will be ignored on input line 22.


LaTeX Warning: Citation 'HAYES20171308' on page 3 undefined on input line 22.


Package biblatex Warning: The refcontext option
(biblatex)                'sortingnamekeytemplatename'
(biblatex)                is not supported by the BibTeX backend.
(biblatex)                Consider switching to Biber instead.
(biblatex)                The option will be ignored on input line 22.


LaTeX Warning: Citation 'HAYES20171308' on page 3 undefined on input line 22.

[3]

Package biblatex Warning: The refcontext option
(biblatex)                'sortingnamekeytemplatename'
(biblatex)                is not supported by the BibTeX backend.
(biblatex)                Consider switching to Biber instead.
(biblatex)                The option will be ignored on input line 24.


LaTeX Warning: Citation 'Shen2020' on page 4 undefined on input line 24.


Package biblatex Warning: The refcontext option
(biblatex)                'sortingnamekeytemplatename'
(biblatex)                is not supported by the BibTeX backend.
(biblatex)                Consider switching to Biber instead.
(biblatex)                The option will be ignored on input line 26.


LaTeX Warning: Citation 'Erfanian2022' on page 4 undefined on input line 26.


Package biblatex Warning: The refcontext option
(biblatex)                'sortingnamekeytemplatename'
(biblatex)                is not supported by the BibTeX backend.
(biblatex)                Consider switching to Biber instead.
(biblatex)                The option will be ignored on input line 28.


LaTeX Warning: Citation 'GROBYS20196' on page 4 undefined on input line 28.


Package biblatex Warning: The refcontext option
(biblatex)                'sortingnamekeytemplatename'
(biblatex)                is not supported by the BibTeX backend.
(biblatex)                Consider switching to Biber instead.
(biblatex)                The option will be ignored on input line 30.


LaTeX Warning: Citation 'Long2020' on page 4 undefined on input line 30.

[4]

Package biblatex Warning: The refcontext option
(biblatex)                'sortingnamekeytemplatename'
(biblatex)                is not supported by the BibTeX backend.
(biblatex)                Consider switching to Biber instead.
(biblatex)                The option will be ignored on input line 34.


LaTeX Warning: Citation 'koutmos2021intertemporal' on page 5 undefined on input
 line 34.


Package biblatex Warning: The refcontext option
(biblatex)                'sortingnamekeytemplatename'
(biblatex)                is not supported by the BibTeX backend.
(biblatex)                Consider switching to Biber instead.
(biblatex)                The option will be ignored on input line 36.


LaTeX Warning: Citation 'Bennett2023' on page 5 undefined on input line 36.


Package biblatex Warning: The refcontext option
(biblatex)                'sortingnamekeytemplatename'
(biblatex)                is not supported by the BibTeX backend.
(biblatex)                Consider switching to Biber instead.
(biblatex)                The option will be ignored on input line 36.


LaTeX Warning: Citation 'Bennett2023' on page 5 undefined on input line 36.

[5]

Package biblatex Warning: The refcontext option
(biblatex)                'sortingnamekeytemplatename'
(biblatex)                is not supported by the BibTeX backend.
(biblatex)                Consider switching to Biber instead.
(biblatex)                The option will be ignored on input line 41.


LaTeX Warning: Citation 'GROBYS20196' on page 6 undefined on input line 41.


Package biblatex Warning: The refcontext option
(biblatex)                'sortingnamekeytemplatename'
(biblatex)                is not supported by the BibTeX backend.
(biblatex)                Consider switching to Biber instead.
(biblatex)                The option will be ignored on input line 41.


LaTeX Warning: Citation 'liu2022common' on page 6 undefined on input line 41.


Package biblatex Warning: The refcontext option
(biblatex)                'sortingnamekeytemplatename'
(biblatex)                is not supported by the BibTeX backend.
(biblatex)                Consider switching to Biber instead.
(biblatex)                The option will be ignored on input line 43.


LaTeX Warning: Citation 'liu2022common' on page 6 undefined on input line 43.


Package biblatex Warning: The refcontext option
(biblatex)                'sortingnamekeytemplatename'
(biblatex)                is not supported by the BibTeX backend.
(biblatex)                Consider switching to Biber instead.
(biblatex)                The option will be ignored on input line 47.


LaTeX Warning: Citation 'Bennett2023' on page 6 undefined on input line 47.

[6]) [7]

LaTeX Warning: Empty bibliography on input line 120.

(attachements/anexo_a.tex
Appendix A.
) [8



] (memoria.aux)
 ***********
LaTeX2e <2023-06-01> patch level 1
L3 programming layer <2023-08-29>
 ***********


 *File List*
  report.cls    2023/05/17 v1.4n Standard LaTeX document class
  size12.clo    2023/05/17 v1.4n Standard LaTeX file (size option)
core/preambulo.tex
amsfonts.sty    2013/01/14 v3.01 Basic AMSFonts support
 amssymb.sty    2013/01/14 v3.01 AMS font symbols
 amsmath.sty    2023/05/13 v2.17o AMS math features
 amstext.sty    2021/08/26 v2.01 AMS text
  amsgen.sty    1999/11/30 v2.0 generic functions
  amsbsy.sty    1999/11/29 v1.2d Bold Symbols
  amsopn.sty    2022/04/08 v2.04 operator names
  amsthm.sty    2020/05/29 v2.20.6
latexsym.sty    1998/08/17 v2.2e Standard LaTeX package (lasy symbols)
setspace.sty    2022/12/04 v6.7b set line spacing
biblatex.sty    2023/03/05 v3.19 programmable bibliographies (PK/MW)
pdftexcmds.sty    2020-06-27 v0.33 Utility functions of pdfTeX for LuaTeX (HO)
infwarerr.sty    2019/12/03 v1.5 Providing info/warning/error messages (HO)
   iftex.sty    2022/02/03 v1.0f TeX engine tests
 ltxcmds.sty    2020-05-10 v1.25 LaTeX kernel commands for general use (HO)
etoolbox.sty    2020/10/05 v2.5k e-TeX tools for LaTeX (JAW)
  keyval.sty    2022/05/29 v1.15 key=value parser (DPC)
kvoptions.sty    2022-06-15 v3.15 Key value format for package options (HO)
kvsetkeys.sty    2022-10-05 v1.19 Key value parser (HO)
  logreq.sty    2010/08/04 v1.0 xml request logger
  logreq.def    2010/08/04 v1.0 logreq spec v1.0
  ifthen.sty    2022/04/13 v1.1d Standard LaTeX ifthen package (DPC)
     url.sty    2013/09/16  ver 3.4  Verb mode for urls, etc.
  blx-dm.def    2023/03/05 v3.19 biblatex localization (PK/MW)
     apa.dbx    2023/03/20 v9.17 APA biblatex style data model
blx-compat.def    2023/03/05 v3.19 biblatex compatibility (PK/MW)
blx-bibtex.def    2023/03/05 v3.19 biblatex compatibility (PK/MW)
biblatex.def    2023/03/05 v3.19 biblatex compatibility (PK/MW)
standard.bbx    2023/03/05 v3.19 biblatex bibliography style (PK/MW)
     apa.bbx    2023/03/20 v9.17 APA biblatex references style
     apa.cbx    2023/03/20 v9.17 APA biblatex citation style
biblatex.cfg    
   expl3.sty    2023-08-29 L3 programming layer (loader) 
l3backend-pdftex.def    2023-04-19 L3 backend support: PDF output (pdfTeX)
blx-case-expl3.sty    2023/03/05 v3.19 expl3 case changing code for biblatex
  xparse.sty    2023-08-29 L3 Experimental document command parser
inputenc.sty    2021/02/14 v1.3d Input encoding file
datetime.sty    2015/03/20 v2.60 Date Time Package
fmtcount.sty    2020/01/30 v3.07
 xkeyval.sty    2022/06/16 v2.9 package option processing (HA)
 xkeyval.tex    2014/12/03 v2.7a key=value parser (HA)
fcprefix.sty    2012/09/28
fcnumparser.sty    2017/06/15
datetime-defaults.sty    2013/09/10
hyperref.sty    2023-07-08 v7.01b Hypertext links for LaTeX
kvdefinekeys.sty    2019-12-19 v1.6 Define keys (HO)
pdfescape.sty    2019/12/09 v1.15 Implements pdfTeX's escape features (HO)
 hycolor.sty    2020-01-27 v1.10 Color options for hyperref/bookmark (HO)
letltxmacro.sty    2019/12/03 v1.6 Let assignment for LaTeX macros (HO)
 auxhook.sty    2019-12-17 v1.6 Hooks for auxiliary files (HO)
 nameref.sty    2023-08-07 v2.53 Cross-referencing by name of section
refcount.sty    2019/12/15 v3.6 Data extraction from label references (HO)
gettitlestring.sty    2019/12/15 v1.6 Cleanup title references (HO)
  pd1enc.def    2023-07-08 v7.01b Hyperref: PDFDocEncoding definition (HO)
 intcalc.sty    2019/12/15 v1.3 Expandable calculations with integers (HO)
   puenc.def    2023-07-08 v7.01b Hyperref: PDF Unicode definition (HO)
  bitset.sty    2019/12/09 v1.3 Handle bit-vector datatype (HO)
bigintcalc.sty    2019/12/15 v1.5 Expandable calculations on big integers (HO)
atbegshi-ltx.sty    2021/01/10 v1.0c Emulation of the original atbegshi
package with kernel methods
 hpdftex.def    2023-07-08 v7.01b Hyperref driver for pdfTeX
atveryend-ltx.sty    2020/08/19 v1.0a Emulation of the original atveryend packa
ge
with kernel methods
rerunfilecheck.sty    2022-07-10 v1.10 Rerun checks for auxiliary files (HO)
uniquecounter.sty    2019/12/15 v1.4 Provide unlimited unique counter (HO)
graphicx.sty    2021/09/16 v1.2d Enhanced LaTeX Graphics (DPC,SPQR)
graphics.sty    2022/03/10 v1.4e Standard LaTeX Graphics (DPC,SPQR)
    trig.sty    2021/08/11 v1.11 sin cos tan (DPC)
graphics.cfg    2016/06/04 v1.11 sample graphics configuration
  pdftex.def    2022/09/22 v1.2b Graphics/color driver for pdftex
   color.sty    2022/01/06 v1.3d Standard LaTeX Color (DPC)
   color.cfg    2016/01/02 v1.6 sample color configuration
mathcolor.ltx
 english.lbx    2023/03/05 v3.19 biblatex localization (PK/MW)
american.lbx    2023/03/05 v3.19 biblatex localization (PK/MW)
american-apa.lbx    2023/03/20 v9.17 APA biblatex localisation
english-apa.lbx    2023/03/20 v9.17 APA biblatex localisation
 memoria.bbl
fc-english.def    2016/01/12
 memoria.out
 memoria.out
supp-pdf.mkii
epstopdf-base.sty    2020-01-24 v2.11 Base part for package epstopdf
  grfext.sty    2019/12/03 v1.3 Manage graphics extensions (HO)
epstopdf-sys.cfg    2021/03/18 v2.0 Configuration of epstopdf for MiKTeX
core/primeras_paginas.tex
logos/Logo-UANDES.png
    umsa.fd    2013/01/14 v3.01 AMS symbols A
    umsb.fd    2013/01/14 v3.01 AMS symbols B
   ulasy.fd    1998/08/17 v2.2e LaTeX symbol font definitions
chapters/chapter01.tex
attachements/anexo_a.tex
 ***********


LaTeX Warning: There were undefined references.

Package rerunfilecheck Info: File `memoria.out' has not changed.
(rerunfilecheck)             Checksum: B5D780947A5B95D56C0D0E46089098F1;1070.

Package biblatex Warning: Please (re)run BibTeX on the file(s):
(biblatex)                memoria
(biblatex)                and rerun LaTeX afterwards.

Package logreq Info: Writing requests to 'memoria.run.xml'.
\openout1 = `memoria.run.xml'.

 ) 
Here is how much of TeX's memory you used:
 18866 strings out of 475247
 331387 string characters out of 5758263
 1927785 words of memory out of 5000000
 40086 multiletter control sequences out of 15000+600000
 568767 words of font info for 80 fonts, out of 8000000 for 9000
 1141 hyphenation exceptions out of 8191
 77i,9n,101p,1909b,5183s stack positions out of 10000i,1000n,20000p,200000b,200000s
 <C:\Users\USER\AppData\Local\MiKTeX\fonts/pk/ljfour/jknappen/ec/dpi600\tcrm1
200.pk><C:/Users/USER/AppData/Local/Programs/MiKTeX/fonts/type1/public/amsfonts
/cm/cmbx10.pfb><C:/Users/USER/AppData/Local/Programs/MiKTeX/fonts/type1/public/
amsfonts/cm/cmbx12.pfb><C:/Users/USER/AppData/Local/Programs/MiKTeX/fonts/type1
/public/amsfonts/cm/cmcsc10.pfb><C:/Users/USER/AppData/Local/Programs/MiKTeX/fo
nts/type1/public/amsfonts/cm/cmr10.pfb><C:/Users/USER/AppData/Local/Programs/Mi
KTeX/fonts/type1/public/amsfonts/cm/cmr12.pfb><C:/Users/USER/AppData/Local/Prog
rams/MiKTeX/fonts/type1/public/amsfonts/cm/cmr7.pfb><C:/Users/USER/AppData/Loca
l/Programs/MiKTeX/fonts/type1/public/amsfonts/cm/cmr8.pfb><C:/Users/USER/AppDat
a/Local/Programs/MiKTeX/fonts/type1/public/amsfonts/cm/cmti12.pfb>
Output written on C:\Users\USER\OneDrive\Escritorio\Memoria\Memoria_LA\Mem_Tex\
build\memoria.pdf (17 pages, 228721 bytes).
PDF statistics:
 181 PDF objects out of 1000 (max. 8388607)
 31 named destinations out of 1000 (max. 500000)
 70 words of extra memory for PDF output out of 10000 (max. 10000000)

